<?xml version="1.0" encoding="UTF-8" ?>
<testsuite errors="0" failures="0" hostname="U6039827-TPD-A" name="library.SmallLibraryTest" skipped="1" tests="4" time="0.182" timestamp="2017-01-18T15:05:03">
  <properties>
[...]
</properties>
  <testcase classname="library.SmallLibraryTest" name="testEqualsHashcodeDifferentLibrariesDifferentContent" time="0.122" />
  <testcase classname="library.SmallLibraryTest" name="testLose" time="0.0">
    <skipped />
  </testcase>
  <testcase classname="library.SmallLibraryTest" name="testEqualsHashcodeReflexive" time="0.001" />
  <testcase classname="library.SmallLibraryTest" name="testEqualsHashcodeDifferentLibrariesEmpty" time="0.0" />
  <system-out><![CDATA[]]></system-out>
  <system-err><![CDATA[]]></system-err>
</testsuite>
