<?xml version="1.0" encoding="UTF-8" ?>
<testsuite errors="0" failures="0" hostname="U6039827-TPD-A" name="twitter.staff.OriginalFilterTest" skipped="0" tests="4" time="0.066" timestamp="2017-01-18T15:34:51">
  <properties>
[...]
</properties>
  <testcase classname="twitter.staff.OriginalFilterTest" name="testContaining" time="0.007" />
  <testcase classname="twitter.staff.OriginalFilterTest" name="testAssertionsEnabled" time="0.0" />
  <testcase classname="twitter.staff.OriginalFilterTest" name="testWrittenByMultipleTweetsSingleResult" time="0.001" />
  <testcase classname="twitter.staff.OriginalFilterTest" name="testInTimespanMultipleTweetsMultipleResults" time="0.001" />
  <system-out><![CDATA[]]></system-out>
  <system-err><![CDATA[]]></system-err>
</testsuite>
