<?xml version="1.0" encoding="UTF-8" ?>
<testsuite errors="0" failures="0" hostname="U6039827-TPD-A" name="twitter.staff.GradingSocialNetworkTest" skipped="0" tests="14" time="0.128" timestamp="2017-01-18T15:34:54">
  <properties>
[...]
</properties>
  <testcase classname="twitter.staff.GradingSocialNetworkTest" name="testInfluencersGraphOneUserNoFollowing" time="0.041" />
  <testcase classname="twitter.staff.GradingSocialNetworkTest" name="testInfluencersTwoUsersOneFollowing" time="0.0" />
  <testcase classname="twitter.staff.GradingSocialNetworkTest" name="testGuessFollowsGraphUserMentionsSelf" time="0.006" />
  <testcase classname="twitter.staff.GradingSocialNetworkTest" name="testInfluencersMultipleUsersSomeSameFollowerCounts" time="0.001" />
  <testcase classname="twitter.staff.GradingSocialNetworkTest" name="testGuessFollowsGraphEmptyList" time="0.001" />
  <testcase classname="twitter.staff.GradingSocialNetworkTest" name="testInfluencersMultipleUsersAllSameFollowerCounts" time="0.001" />
  <testcase classname="twitter.staff.GradingSocialNetworkTest" name="testInfluencersEmptyGraph" time="0.0" />
  <testcase classname="twitter.staff.GradingSocialNetworkTest" name="testInfluencersMultipleUsersAllDifferentFollowerCounts" time="0.0" />
  <testcase classname="twitter.staff.GradingSocialNetworkTest" name="testGuessFollowsGraphSingleTweetAtMention" time="0.0" />
  <testcase classname="twitter.staff.GradingSocialNetworkTest" name="testGuessFollowsGraphMustHaveNoNonexistentUsers" time="0.002" />
  <testcase classname="twitter.staff.GradingSocialNetworkTest" name="testGuessFollowsGraphMustBeCaseInsensitive" time="0.001" />
  <testcase classname="twitter.staff.GradingSocialNetworkTest" name="testGuessFollowsGraphNoConnections" time="0.001" />
  <testcase classname="twitter.staff.GradingSocialNetworkTest" name="testGuessFollowsGraphHasConnections" time="0.001" />
  <testcase classname="twitter.staff.GradingSocialNetworkTest" name="testInfluencersMustBeCaseInsensitive" time="0.0" />
  <system-out><![CDATA[]]></system-out>
  <system-err><![CDATA[]]></system-err>
</testsuite>
